On branch 3.5
Changes to be committed:
  (use "git reset HEAD <file>..." to unstage)

	new file:   src/chrome/content/rules/123RF.xml
	modified:   src/chrome/content/rules/1and1-Internet.xml
	new file:   src/chrome/content/rules/1und1.de.xml
	modified:   src/chrome/content/rules/4Shared.xml
	modified:   src/chrome/content/rules/9gag.xml
	new file:   src/chrome/content/rules/ABC_News-falsemixed.xml
	new file:   src/chrome/content/rules/ABC_News.xml
	modified:   src/chrome/content/rules/AOL.xml
	new file:   src/chrome/content/rules/ATandT.xml
	modified:   src/chrome/content/rules/AWeber.xml
	modified:   src/chrome/content/rules/AdF.ly.xml
	new file:   src/chrome/content/rules/Adcash.xml
	modified:   src/chrome/content/rules/AddThis.xml
	modified:   src/chrome/content/rules/Adobe.xml
	new file:   src/chrome/content/rules/Adscale.xml
	new file:   src/chrome/content/rules/Adult-FriendFinder.xml
	new file:   src/chrome/content/rules/Aftonbladet.xml
	new file:   src/chrome/content/rules/Alipay.com.xml
	modified:   src/chrome/content/rules/Amazon.xml
	new file:   src/chrome/content/rules/Amazon_EU.xml
	new file:   src/chrome/content/rules/Amazon_JP.xml
	modified:   src/chrome/content/rules/Ameba.xml
	new file:   src/chrome/content/rules/Anyoption.com.xml
	modified:   src/chrome/content/rules/AppNexus.xml
	modified:   src/chrome/content/rules/Apple.xml
	new file:   src/chrome/content/rules/BBC.com.xml
	modified:   src/chrome/content/rules/BBC.xml
	new file:   src/chrome/content/rules/Battle.net.xml
	modified:   src/chrome/content/rules/Behance.xml
	modified:   src/chrome/content/rules/Bing.xml
	modified:   src/chrome/content/rules/Bitly.xml
	modified:   src/chrome/content/rules/Blogger.xml
	modified:   src/chrome/content/rules/Bluehost.xml
	new file:   src/chrome/content/rules/Box.xml
	new file:   src/chrome/content/rules/BrainyQuote.com.xml
	modified:   src/chrome/content/rules/BusinessInsider.xml
	new file:   src/chrome/content/rules/BuzzFeed.xml
	new file:   src/chrome/content/rules/CBS.xml
	new file:   src/chrome/content/rules/CNBC.xml
	modified:   src/chrome/content/rules/CareerBuilder.xml
	modified:   src/chrome/content/rules/Citibank.xml
	modified:   src/chrome/content/rules/Citrix.xml
	modified:   src/chrome/content/rules/ClickBank.xml
	new file:   src/chrome/content/rules/Clkads.com.xml
	modified:   src/chrome/content/rules/Comcast.xml
	new file:   src/chrome/content/rules/Commission_Junction.xml
	new file:   src/chrome/content/rules/Conduit.xml
	modified:   src/chrome/content/rules/Constant-Contact.xml
	modified:   src/chrome/content/rules/Dafont.com.xml
	modified:   src/chrome/content/rules/Dailymotion.xml
	new file:   src/chrome/content/rules/Deezer.xml
	new file:   src/chrome/content/rules/Dell.com-falsemixed.xml
	modified:   src/chrome/content/rules/Dell.xml
	modified:   src/chrome/content/rules/Deviantart.xml
	new file:   src/chrome/content/rules/Digg.xml
	new file:   src/chrome/content/rules/Digital_Point_Solutions.xml
	modified:   src/chrome/content/rules/Disqus.com.xml
	modified:   src/chrome/content/rules/Doubleclick.net.xml
	new file:   src/chrome/content/rules/Dreamstime.xml
	modified:   src/chrome/content/rules/Dropbox.xml
	modified:   src/chrome/content/rules/DuckDuckGo.xml
	modified:   src/chrome/content/rules/EZTV.xml
	modified:   src/chrome/content/rules/Etsy.xml
	modified:   src/chrome/content/rules/Eventbrite.xml
	modified:   src/chrome/content/rules/Evernote.xml
	modified:   src/chrome/content/rules/Examiner.com.xml
	new file:   src/chrome/content/rules/Exoclick.xml
	new file:   src/chrome/content/rules/Expedia.xml
	modified:   src/chrome/content/rules/EzineArticles.xml
	new file:   src/chrome/content/rules/FedEx.com.xml
	new file:   src/chrome/content/rules/Feedly.com.xml
	new file:   src/chrome/content/rules/Fhserve.com.xml
	modified:   src/chrome/content/rules/Flickr.xml
	modified:   src/chrome/content/rules/Focus.de.xml
	modified:   src/chrome/content/rules/Foursquare.com.xml
	modified:   src/chrome/content/rules/Freelancer.xml
	modified:   src/chrome/content/rules/Gawker.xml
	modified:   src/chrome/content/rules/Github.xml
	new file:   src/chrome/content/rules/Gizmodo.com.xml
	new file:   src/chrome/content/rules/Glassdoor.xml
	modified:   src/chrome/content/rules/GoDaddy.xml
	modified:   src/chrome/content/rules/Goodreads.xml
	modified:   src/chrome/content/rules/GoogleAPIs.xml
	modified:   src/chrome/content/rules/GoogleImages.xml
	modified:   src/chrome/content/rules/GoogleMainSearch.xml
	modified:   src/chrome/content/rules/GoogleSearch.xml
	modified:   src/chrome/content/rules/GoogleServices.xml
	modified:   src/chrome/content/rules/GoogleVideos.xml
	modified:   src/chrome/content/rules/HM.com.xml
	new file:   src/chrome/content/rules/Hatena.xml
	modified:   src/chrome/content/rules/Hewlett-Packard.xml
	new file:   src/chrome/content/rules/Home_Depot.com.xml
	new file:   src/chrome/content/rules/HootSuite.xml
	new file:   src/chrome/content/rules/HostGator.xml
	new file:   src/chrome/content/rules/Hotels.com.xml
	new file:   src/chrome/content/rules/HubSpot.xml
	new file:   src/chrome/content/rules/Huffington-Post.xml
	new file:   src/chrome/content/rules/Hulu.xml
	modified:   src/chrome/content/rules/IBM.xml
	new file:   src/chrome/content/rules/IGN-problematic.xml
	modified:   src/chrome/content/rules/IMDB.xml
	modified:   src/chrome/content/rules/Ikea.com.xml
	modified:   src/chrome/content/rules/Imgur.xml
	modified:   src/chrome/content/rules/Instagram.xml
	new file:   src/chrome/content/rules/Instructables.xml
	modified:   src/chrome/content/rules/Internet-Archive.xml
	modified:   src/chrome/content/rules/JQuery.xml
	new file:   src/chrome/content/rules/Justin.tv.xml
	modified:   src/chrome/content/rules/Kayak.xml
	modified:   src/chrome/content/rules/KickassTorrents.xml
	modified:   src/chrome/content/rules/Kickstarter.xml
	modified:   src/chrome/content/rules/Kohls.xml
	new file:   src/chrome/content/rules/LaPatilla.com.xml
	modified:   src/chrome/content/rules/Lenovo.xml
	new file:   src/chrome/content/rules/Leo.org.xml
	new file:   src/chrome/content/rules/Lifehacker.com.xml
	new file:   src/chrome/content/rules/Likes.xml
	new file:   src/chrome/content/rules/Linkbucks.xml
	modified:   src/chrome/content/rules/LinkedIn.xml
	modified:   src/chrome/content/rules/Live.xml
	new file:   src/chrome/content/rules/LiveInternet-falsemixed.xml
	modified:   src/chrome/content/rules/LiveJournal.xml
	new file:   src/chrome/content/rules/Los_Angeles_Times.xml
	new file:   src/chrome/content/rules/Lowes.com.xml
	new file:   src/chrome/content/rules/MGID.com.xml
	modified:   src/chrome/content/rules/Magento.xml
	modified:   src/chrome/content/rules/MailChimp.xml
	new file:   src/chrome/content/rules/Manta.xml
	modified:   src/chrome/content/rules/Marketwatch.com.xml
	modified:   src/chrome/content/rules/Mashable.com.xml
	modified:   src/chrome/content/rules/MediaFire.xml
	new file:   src/chrome/content/rules/Mega.xml
	modified:   src/chrome/content/rules/Microsoft.xml
	modified:   src/chrome/content/rules/Motherless.xml
	modified:   src/chrome/content/rules/Mozilla.xml
	new file:   src/chrome/content/rules/MyFitnessPal.xml
	modified:   src/chrome/content/rules/Myspace.xml
	new file:   src/chrome/content/rules/NBC-News.xml
	modified:   src/chrome/content/rules/NIFTY.xml
	modified:   src/chrome/content/rules/NPR.org.xml
	modified:   src/chrome/content/rules/NYDailyNews.xml
	modified:   src/chrome/content/rules/NYTimes.xml
	modified:   src/chrome/content/rules/NameCheap.xml
	modified:   src/chrome/content/rules/Netflix.xml
	new file:   src/chrome/content/rules/Nike.com.xml
	modified:   src/chrome/content/rules/Ning.xml
	modified:   src/chrome/content/rules/OkCupid.xml
	new file:   src/chrome/content/rules/Onclickads.net.xml
	modified:   src/chrome/content/rules/Oracle.xml
	new file:   src/chrome/content/rules/Outbrain.xml
	new file:   src/chrome/content/rules/Outlook_Live.xml
	new file:   src/chrome/content/rules/Overstock.com.xml
	modified:   src/chrome/content/rules/Ovh.xml
	modified:   src/chrome/content/rules/Pandora.xml
	modified:   src/chrome/content/rules/PayPal.xml
	modified:   src/chrome/content/rules/Pingdom.xml
	modified:   src/chrome/content/rules/Pinterest.xml
	new file:   src/chrome/content/rules/PlugRush.com.xml
	new file:   src/chrome/content/rules/PopAds.xml
	new file:   src/chrome/content/rules/PornHub.xml
	modified:   src/chrome/content/rules/Quora.xml
	new file:   src/chrome/content/rules/Rapidgator.net.xml
	modified:   src/chrome/content/rules/Reddit.xml
	modified:   src/chrome/content/rules/Reddit_via_pay.xml
	new file:   src/chrome/content/rules/RetailMeNot.com.xml
	new file:   src/chrome/content/rules/Reuters.com.xml
	modified:   src/chrome/content/rules/RightNow.xml
	modified:   src/chrome/content/rules/RottenTomatoes.xml
	modified:   src/chrome/content/rules/Salesforce.com.xml
	new file:   src/chrome/content/rules/Samsung.xml
	new file:   src/chrome/content/rules/Sape.xml
	modified:   src/chrome/content/rules/Sapo.pt.xml
	new file:   src/chrome/content/rules/Scoop.it.xml
	modified:   src/chrome/content/rules/Scribd.com.xml
	new file:   src/chrome/content/rules/ShareASale.com.xml
	modified:   src/chrome/content/rules/Shopify.xml
	new file:   src/chrome/content/rules/Shutterstock.xml
	new file:   src/chrome/content/rules/SiteAdvisor.com.xml
	new file:   src/chrome/content/rules/SitePoint.xml
	new file:   src/chrome/content/rules/Skype.xml
	new file:   src/chrome/content/rules/Slickdeals.xml
	modified:   src/chrome/content/rules/SlideShare.xml
	new file:   src/chrome/content/rules/Soundcloud.xml
	modified:   src/chrome/content/rules/SourceForge.xml
	new file:   src/chrome/content/rules/Speedtest.net.xml
	new file:   src/chrome/content/rules/Spiegel.xml
	new file:   src/chrome/content/rules/Spotify.xml
	modified:   src/chrome/content/rules/Squarespace.xml
	modified:   src/chrome/content/rules/Stack-Exchange-mixedcontent.xml
	modified:   src/chrome/content/rules/Stack-Exchange.xml
	modified:   src/chrome/content/rules/Statcounter.xml
	new file:   src/chrome/content/rules/Steam.xml
	new file:   src/chrome/content/rules/Steam_Community.com.xml
	modified:   src/chrome/content/rules/StumbleUpon.xml
	new file:   src/chrome/content/rules/Suddeutsche_Zeitung.xml
	modified:   src/chrome/content/rules/SurveyMonkey.xml
	modified:   src/chrome/content/rules/TED.xml
	new file:   src/chrome/content/rules/TMZ.com.xml
	new file:   src/chrome/content/rules/Taboola.xml
	modified:   src/chrome/content/rules/Taleo.xml
	new file:   src/chrome/content/rules/Taringa.xml
	modified:   src/chrome/content/rules/Telegraph-Media-Group.xml
	new file:   src/chrome/content/rules/Template_Monster.com.xml
	new file:   src/chrome/content/rules/The-Verge.xml
	modified:   src/chrome/content/rules/ThePirateBay.xml
	modified:   src/chrome/content/rules/Torrentz.xml
	new file:   src/chrome/content/rules/Tribune-mismatches.xml
	new file:   src/chrome/content/rules/TripAdvisor.xml
	modified:   src/chrome/content/rules/Tumblr.xml
	new file:   src/chrome/content/rules/TutsPlus.com.xml
	modified:   src/chrome/content/rules/Twitter.xml
	new file:   src/chrome/content/rules/Typepad.xml
	new file:   src/chrome/content/rules/UPS.com.xml
	new file:   src/chrome/content/rules/USA_Today.xml
	modified:   src/chrome/content/rules/USPS.xml
	new file:   src/chrome/content/rules/Uploaded.net.xml
	new file:   src/chrome/content/rules/Upworthy.com.xml
	new file:   src/chrome/content/rules/Urban-Dictionary.xml
	new file:   src/chrome/content/rules/VK-old.xml
	modified:   src/chrome/content/rules/VK.xml
	modified:   src/chrome/content/rules/Verizon.xml
	new file:   src/chrome/content/rules/Verizon_Wireless.xml
	modified:   src/chrome/content/rules/Vimeo.xml
	modified:   src/chrome/content/rules/W3C.xml
	new file:   src/chrome/content/rules/Walmart.com.xml
	new file:   src/chrome/content/rules/We-Heart-It.xml
	new file:   src/chrome/content/rules/WeTransfer.xml
	modified:   src/chrome/content/rules/Weather-Underground.xml
	new file:   src/chrome/content/rules/Web-Hosting-Talk.xml
	modified:   src/chrome/content/rules/Web.de.xml
	new file:   src/chrome/content/rules/Weebly-mixed.xml
	new file:   src/chrome/content/rules/Weebly.xml
	new file:   src/chrome/content/rules/WikiHow.com.xml
	new file:   src/chrome/content/rules/Wikia.xml
	modified:   src/chrome/content/rules/Wired.xml
	new file:   src/chrome/content/rules/Wix.xml
	new file:   src/chrome/content/rules/WooThemes.xml
	new file:   src/chrome/content/rules/WordPress-blogs.xml
	modified:   src/chrome/content/rules/WordPress.xml
	new file:   src/chrome/content/rules/XDA-Developers.com-falsemixed.xml
	modified:   src/chrome/content/rules/XDA-Developers.xml
	new file:   src/chrome/content/rules/XE.xml
	new file:   src/chrome/content/rules/XHamster.com.xml
	modified:   src/chrome/content/rules/Xing.xml
	new file:   src/chrome/content/rules/Xtube.com.xml
	modified:   src/chrome/content/rules/Yahoo.xml
	modified:   src/chrome/content/rules/Yandex.xml
	new file:   src/chrome/content/rules/Yelp.xml
	modified:   src/chrome/content/rules/YouTube.xml
	new file:   src/chrome/content/rules/Youm7.com-falsemixed.xml
	new file:   src/chrome/content/rules/Youm7.com.xml
	new file:   src/chrome/content/rules/Zanox.xml
	new file:   src/chrome/content/rules/Zappos.xml
	modified:   src/chrome/content/rules/Zendesk.com.xml
	modified:   src/chrome/content/rules/Zillow.xml
	modified:   src/chrome/content/rules/Zoho.xml
	modified:   src/chrome/content/rules/eHow.xml
	new file:   src/chrome/content/rules/leo.xml

Untracked files:
  (use "git add <file>..." to include in what will be committed)

	status.log
	utils/alexa07042014.txt

